9946.74|Supplier#000005808       |SAUDI ARABIA             |48295|Manufacturer#4           |s 4icF7UIthw8OZB|30-518-213-5617|furiously. pending deposits run slyly above the slyly e
9940.76|Supplier#000001062       |SAUDI ARABIA             |93534|Manufacturer#5           |RzD13PXq2yeZm|30-916-179-1075|y idle packages use fluffily toward the pending deposits. furiously ironic depths affix 
9877.79|Supplier#000005951       |EGYPT                    |195950|Manufacturer#1           |vFLo9z,wj5W7eY7GwZ7uJRPL00A98mO9gbRD|14-698-491-1588|xpress pearls haggle quickly. 
9836.43|Supplier#000000489       |IRAN                     |150488|Manufacturer#5           |y9NMoYGxDUPfrB1GwjYhLtCeV7pOt|20-375-500-2226| quickly carefully pending accounts. fina
9818.79|Supplier#000004778       |JORDAN                   |189741|Manufacturer#2           |NFVxKobRQOHN B1O0U7U,|23-829-256-1950|ve the slyly ironic requests nag pending
9812.39|Supplier#000004160       |JORDAN                   |91650|Manufacturer#3           |DpYX7p iwphihHJz7h|23-751-712-1339|he ironic escapades. blithely ironic deposits are fluffily. even theodolite
9793.28|Supplier#000004818       |EGYPT                    |72310|Manufacturer#5           | pq 8W7GgiPQEHo4qMvREULChRuKqxSP9GQm2ox|14-584-467-9693|ieve across the dolphins. asymptotes b
9793.28|Supplier#000004818       |EGYPT                    |114817|Manufacturer#3           | pq 8W7GgiPQEHo4qMvREULChRuKqxSP9GQm2ox|14-584-467-9693|ieve across the dolphins. asymptotes b
9775.37|Supplier#000007245       |IRAQ                     |79723|Manufacturer#2           |5VOUnvxlJeOJ|21-663-724-2985|ic deposits about the slyly bold requests
9763.28|Supplier#000000982       |IRAN                     |103451|Manufacturer#5           |2GJow4mz8ZkIPUSibA0NZ3OyR5TkfHx0|20-884-330-2979|deas cajole carefully furiously regula
9756.30|Supplier#000007657       |EGYPT                    |72642|Manufacturer#1           |z91wl9KLdbdTEUaHIy Fze9oy cavNW|14-694-576-1183|ts. asymptotes cajole by the fluffily express
9755.43|Supplier#000002439       |EGYPT                    |29936|Manufacturer#4           |rXxojWV0VefSK7A0dhF|14-410-168-5354|p quickly packages. carefully pending pinto beans after the 
9754.60|Supplier#000000133       |EGYPT                    |100132|Manufacturer#5           |QT,semYwdx|14-731-952-5158|he quickly express instructions 
9754.60|Supplier#000000133       |EGYPT                    |120132|Manufacturer#2           |QT,semYwdx|14-731-952-5158|he quickly express instructions 
9730.21|Supplier#000009901       |IRAQ                     |142358|Manufacturer#2           |8uN0zqb46 Bve|21-981-827-6340|olphins. slyly regular platelets doubt slyly. 
9714.60|Supplier#000007317       |EGYPT                    |174799|Manufacturer#3           |nJGsPl2ruoq4Ydtv0fwWG385eOFV6  VUokbCZ|14-666-351-2592|ons integrate furiously? slyly ironic requests sl
9696.12|Supplier#000004477       |SAUDI ARABIA             |56961|Manufacturer#2           |UCPt,EDnBLp7M|30-790-611-6861|eve after the unusual, unusual t
9664.68|Supplier#000004831       |SAUDI ARABIA             |79816|Manufacturer#2           |P7etrrqyCmgg5ZDxFIl7 8PanbiO0pJRCrxlGh,s|30-230-129-4785| theodolites use fluffily unusual courts-- carefully unusual dependenci
9598.00|Supplier#000005347       |SAUDI ARABIA             |45346|Manufacturer#5           |R UJfAVRhAKjgH|30-213-668-2389|ites. packages cajole about the furiously regular accounts. blithely unusual packages are dogg
9577.42|Supplier#000008123       |JORDAN                   |125610|Manufacturer#4           |RVD,e4jMiFVi4gCAa0oH,enjjIBuV1LL1Wzm|23-305-520-8530| fluffily ironic requests boost blithely quickly ironic fo
9560.60|Supplier#000002678       |IRAQ                     |57667|Manufacturer#1           |nnZNHDMCnZKTm|21-411-717-7148|y according to the ironic, regular excuses. blithely slow foxes about the iron
9513.31|Supplier#000004163       |SAUDI ARABIA             |71655|Manufacturer#3           |2VnQypC7pJPJRu6HzYRg7nAvhzckcYAQFbI|30-544-852-3772|he regular requests. blithely final 
9501.01|Supplier#000005376       |SAUDI ARABIA             |15375|Manufacturer#4           |TjFwL3P67hEvcexz5|30-721-836-9541|furiously bold accounts alongside of the quickly final req
9486.11|Supplier#000009947       |EGYPT                    |172395|Manufacturer#3           |9xZDbMjIUQRgvE5dtZgiOvz1DB|14-628-127-7953|blithely regular ideas. blithely regular Tiresias are accordin
9441.78|Supplier#000001293       |IRAN                     |73771|Manufacturer#1           |p3ygA5wAuoGH7a8mqwGpvQycLu,ag|20-132-692-3206|ic requests. carefully regular excuses according to the regular, pending foxes integrate blithely f
9440.10|Supplier#000001439       |SAUDI ARABIA             |1438|Manufacturer#2           |Ahg9t34SgEUY4Ha4jlcYoR|30-706-667-6250| requests could sleep-- furiously even deposits boos
9403.33|Supplier#000009984       |JORDAN                   |124959|Manufacturer#1           |rLkAcZoRIttWlBOXvI8qA|23-878-425-8047|ffily unusual packages cajole against the fluffily final deposits. express, unusual packages ab
9343.35|Supplier#000006337       |IRAN                     |196336|Manufacturer#5           |ilQgNOdCAysclt3SgODb6LeJ7d4RzYD|20-950-345-8173|quickly ironic packages affix aft
9342.87|Supplier#000008943       |EGYPT                    |33936|Manufacturer#5           |v04SKvDoY 7FHfPaXAo6UKmj |14-496-196-5336|nding deposits cajole carefully final requests. regular, special fo
9318.43|Supplier#000000627       |IRAQ                     |150626|Manufacturer#4           |k6W51QENyVPe4 6z0ajEMTkEA|21-632-574-8701|l instructions serve slyly regular deposits. carefully busy excuses cajole quickly pending d
9311.64|Supplier#000006742       |IRAQ                     |44237|Manufacturer#1           |Z5JdKmVw3X|21-591-253-3872|slyly pending accounts could haggle against the regular pinto beans. express
9311.64|Supplier#000006742       |IRAQ                     |186741|Manufacturer#4           |Z5JdKmVw3X|21-591-253-3872|slyly pending accounts could haggle against the regular pinto beans. express
9284.57|Supplier#000009781       |EGYPT                    |77273|Manufacturer#1           |49NAd1iDiY4,|14-410-636-4312|its. ironic pinto beans are blithely. express depths use caref
9229.25|Supplier#000009945       |IRAQ                     |49944|Manufacturer#4           |iq0VGL3Q1eKbFk27A|21-193-447-6870|ounts believe slyly furiously unusual dinos! f
9227.16|Supplier#000009461       |EGYPT                    |119460|Manufacturer#3           |Eweba 0sfaF,l4sAxXGTgEjzsJsNWWIGjYhFkRWV|14-983-137-4957|lly bold packages. carefully express deposits integrate about the unusual accounts. regular, 
9224.05|Supplier#000009164       |SAUDI ARABIA             |81639|Manufacturer#1           |rYR92AZU,F|30-533-868-3983|cing theodolites. quietly pending 
9214.58|Supplier#000005477       |IRAQ                     |165476|Manufacturer#5           |fOzXmCgwtUn E2O8R8NXiDYLibNr8ThjiTJXJZ|21-195-969-7717|ounts against the express ideas use slyly after the
9189.14|Supplier#000008106       |JORDAN                   |185587|Manufacturer#1           |fr9i1v,cE4PDKiwEJ5sqX3q 6s8|23-981-593-2596| fluffily. silent accounts nag 
9126.96|Supplier#000007433       |IRAQ                     |192394|Manufacturer#1           |JkFXNhxBeouyBAyEPyG05|21-556-118-4183|xcuses. final requests haggle slyly. carefully furious theodolites about the permanen
9050.12|Supplier#000000504       |IRAN                     |13000|Manufacturer#4           |P8k2mjRiRUFCJfxw7KrEdRpNNQPDxiI|20-322-544-5770|y final pinto beans. blithely regular instructions wake abo
9050.12|Supplier#000000504       |IRAN                     |15501|Manufacturer#5           |P8k2mjRiRUFCJfxw7KrEdRpNNQPDxiI|20-322-544-5770|y final pinto beans. blithely regular instructions wake abo
9040.28|Supplier#000007974       |EGYPT                    |12971|Manufacturer#1           |KGJzSlNuT7GQLs1TJstDR3p d9|14-510-748-8398|ly pending asymptotes serve blithely express, pending courts. express, unusual p
9031.40|Supplier#000009897       |IRAN                     |167380|Manufacturer#2           |vv,stJWxADIU6NnC2oNC6uk7u9PEgkLd|20-811-736-1498|s sleep slowly up the regular, even requests. special requests 
9015.53|Supplier#000005066       |IRAN                     |67547|Manufacturer#3           |ru iPsHLDTFqzboVUG12dKML8Cdxl1VTT|20-482-807-4156|ven, express ideas. even, ironic 
8959.53|Supplier#000003303       |IRAQ                     |115769|Manufacturer#1           |0E3ihSr0VseYg85LJVsY2Va3Qt9bAjz3ui7,C|21-713-480-9747|ermanent instructions cajole according to the blithely unusual 
8924.44|Supplier#000001374       |EGYPT                    |143831|Manufacturer#2           |uHLiKIkGMCK39DBiPLySDhM1|14-105-774-9435|pecial deposits along the slyly unusual excuses wake ironically
8906.10|Supplier#000007076       |EGYPT                    |147075|Manufacturer#4           |DjLJ,yEKffpT,EKIbM6ZziTtzvCbE|14-929-221-6504|nusual requests solve furiously across the carefully regular excuses. requests are quickly c
8880.71|Supplier#000003975       |IRAN                     |188938|Manufacturer#1           |CT9,kyMKXk6XPAs13gMhMs6Ist,FT7zA|20-270-703-9793|gle furiously multipliers. express warthogs use fu
8876.42|Supplier#000004468       |IRAN                     |101957|Manufacturer#3           |QxE2rvpMCkB,nto33X7a0n0FFV|20-536-285-9136|encies. slyly pending ideas boost blithely.
8846.35|Supplier#000005446       |EGYPT                    |2945|Manufacturer#5           |Nusoq0ckv9SwnJZV8Rw2dUqE,V0ylm Bon|14-468-853-6477|deposits. ironic, bold ideas wake. fluffily ironic deposits must have to sleep furiously pending 
8846.35|Supplier#000005446       |EGYPT                    |75445|Manufacturer#3           |Nusoq0ckv9SwnJZV8Rw2dUqE,V0ylm Bon|14-468-853-6477|deposits. ironic, bold ideas wake. fluffily ironic deposits must have to sleep furiously pending 
8803.31|Supplier#000001590       |IRAQ                     |51589|Manufacturer#2           |rEYMbl67PIcccPfu0jIi4BsqQrb|21-214-808-2728|ing accounts are quickly! special pinto beans wake furiously after the asymptotes. quickly expre
8794.27|Supplier#000009907       |IRAQ                     |122370|Manufacturer#1           |PsLwoo7rj23MGQVg0tTC|21-214-326-5231|ong the slyly bold platelets. reg
8788.46|Supplier#000003437       |IRAN                     |95909|Manufacturer#3           |JfgZDO9fsP4ljfzsi,s7431Ld3A7zXtHfrF74|20-547-871-1712|ickly unusual dependencies. carefully regular dolphins ha
8717.99|Supplier#000009405       |IRAQ                     |26902|Manufacturer#3           |IY1x8B2MaqzWuk1KzA6FJua|21-778-728-5704|al packages. slyly even theodolites doubt blithely. slyly regular asymptotes a
8715.41|Supplier#000003952       |IRAQ                     |133951|Manufacturer#5           |4gMQ45hKo4sVE X28MV|21-380-318-2207|sly about the unusual instructions. pending requests
8707.80|Supplier#000001546       |EGYPT                    |26541|Manufacturer#2           |g199RfU vqU|14-723-857-8326|eodolites are after the unusual packages. carefully regular packages are closely a
8707.80|Supplier#000001546       |EGYPT                    |134006|Manufacturer#5           |g199RfU vqU|14-723-857-8326|eodolites are after the unusual packages. carefully regular packages are closely a
8702.46|Supplier#000002312       |SAUDI ARABIA             |19810|Manufacturer#5           |07FKNPQjr1kFmSFQZ0wJ|30-972-442-8281|he quickly busy pinto beans breach above the blithely express requests; express, ironic dependen
8687.00|Supplier#000005896       |SAUDI ARABIA             |85895|Manufacturer#2           |NwV,QYlRuz|30-167-592-8264|deposits use slyly furiously bold packages; furious
8687.00|Supplier#000005896       |SAUDI ARABIA             |170861|Manufacturer#4           |NwV,QYlRuz|30-167-592-8264|deposits use slyly furiously bold packages; furious
8634.88|Supplier#000001757       |EGYPT                    |64238|Manufacturer#2           |CJh,bMlz8mGtATv12|14-574-969-3525|ctions boost blithely express sentiments. express, pending packag
8588.63|Supplier#000008094       |SAUDI ARABIA             |183057|Manufacturer#5           |SNS6FCscBNZBFecA|30-465-665-6735|ake quickly blithely ironic theodolites. quickly ironic ideas boost. furiously iro
8577.07|Supplier#000000669       |SAUDI ARABIA             |145640|Manufacturer#4           |,Csubly4KD59igxGYacW2q7jUvQ4ZaOKQC|30-256-757-7811| pinto beans nag after the slyly final packages. final requests among the furiousl
8575.44|Supplier#000000415       |SAUDI ARABIA             |85398|Manufacturer#5           |ibzrtLp NIBzzQVh2mc6M7GJj3V2Z5uKlIDw,z|30-297-706-6489|inal deposits against the ironic Tiresias wake according to th
8548.11|Supplier#000008020       |EGYPT                    |38019|Manufacturer#5           |M5v6sVUveGK3vsHe0bwHyPAEPsQ5|14-500-236-4745|ang. carefully ironic requests cajole fluffily across the regular, unusual requests. quickl
8524.09|Supplier#000004567       |JORDAN                   |114566|Manufacturer#3           |RDXhhMp6b0CckZyeqVEqW5VEPoJBmEbNrjKa1iA|23-151-452-2399| regular instructions doubt about the regular, bold depths. pending requests according
8522.70|Supplier#000004208       |IRAQ                     |196650|Manufacturer#3           |x3jZYF7ZYN 8a4LY1c1kEsh|21-468-998-1571|furiously regular accounts!
8515.25|Supplier#000006048       |IRAQ                     |66047|Manufacturer#1           |OyHRSoJAGXxmO,qdDs6EEWZ7s|21-547-295-8299|g the regular waters. carefully even r
8351.75|Supplier#000007495       |IRAQ                     |32488|Manufacturer#3           |3jQQGvfs,5Aryhn0Z|21-953-463-7239| requests. carefully final accounts after the qui
8351.75|Supplier#000007495       |IRAQ                     |194975|Manufacturer#4           |3jQQGvfs,5Aryhn0Z|21-953-463-7239| requests. carefully final accounts after the qui
8330.85|Supplier#000006020       |IRAN                     |63513|Manufacturer#3           |U9O4ceIDl0DMRPM0vvsKKj3gzGwNkcUeusC|20-817-604-6561|ly? final packages are blithely ironic ideas. carefully special packages kindle blithely expre
8330.85|Supplier#000006020       |IRAN                     |140991|Manufacturer#4           |U9O4ceIDl0DMRPM0vvsKKj3gzGwNkcUeusC|20-817-604-6561|ly? final packages are blithely ironic ideas. carefully special packages kindle blithely expre
8322.54|Supplier#000002891       |SAUDI ARABIA             |170373|Manufacturer#1           |w9uvS3xgBETHlWYAuU,E7mafb1sNAVx,qwp9 s|30-211-619-5853|gainst the final deposits. quickly reg
8321.15|Supplier#000004432       |IRAQ                     |189395|Manufacturer#4           |IGGsVKCvj25EUkdNPe|21-706-977-4611| slyly silent packages solve blithely blithely pending packages. al
8157.92|Supplier#000005061       |SAUDI ARABIA             |105060|Manufacturer#2           |K7bbuYZol8GfTjEnOonzZukNi2ffx|30-257-188-5259|d pinto beans. slyly even asymptotes cajole across the instructions. final forges after the
8144.19|Supplier#000004858       |IRAQ                     |57342|Manufacturer#1           |MzKGzMuomPZYRRxEz8tdjX5Nt5oqRdb|21-951-153-7767|ns nag after the regular dependencie
8142.32|Supplier#000001214       |JORDAN                   |103683|Manufacturer#1           |33rk3mcWaDeMzZcSF|23-171-373-5539|ests along the express, final accounts sleep blithely fluffily special theodolites? bold foxe
8111.40|Supplier#000007567       |IRAN                     |105056|Manufacturer#3           |7W4k2qEVoBkRehprGliXRSYVOQEh|20-377-181-7435|gular foxes. silent attainments boost furiousl
8108.14|Supplier#000002160       |SAUDI ARABIA             |74638|Manufacturer#1           |eh 5WtEASNKzD|30-413-142-9482|eas. final dolphins are along the sheaves. busily express instruc
8104.84|Supplier#000008990       |IRAN                     |153959|Manufacturer#2           |R4rCANakSjWQphz1uupK RrgbsTh290|20-421-478-7010|ilent foxes cajole. slyly even packages wake blithely. blithely silent requests c
8022.55|Supplier#000006825       |SAUDI ARABIA             |81808|Manufacturer#5           |HMEhRT5SMldr VoKyyO|30-339-441-4176| the ironic, unusual water
8015.11|Supplier#000003589       |IRAN                     |163588|Manufacturer#3           |SeVq5mliNtWVvH0NmB|20-895-735-3345|about the bold asymptotes. slyly ironic platelets sleep aga
8011.88|Supplier#000008822       |EGYPT                    |103801|Manufacturer#4           |beRCtTw0gbVAS|14-368-107-1962|otes. deposits haggle deposits. slyly regular asymptotes engage after the regular
8011.88|Supplier#000008822       |EGYPT                    |111288|Manufacturer#5           |beRCtTw0gbVAS|14-368-107-1962|otes. deposits haggle deposits. slyly regular asymptotes engage after the regular
8000.05|Supplier#000000718       |SAUDI ARABIA             |145689|Manufacturer#1           |W9byXRtqvNdPivnxG76r6|30-551-841-7946| around the pending, special excuses are against the final instructions. regular deposits 
7929.95|Supplier#000008930       |EGYPT                    |41417|Manufacturer#2           |LzjamrXfmHRF1Q6kim9fZtxWvH,1i8|14-230-813-3108|al excuses sleep quickly according to the express theodolites. furious
7928.18|Supplier#000004709       |EGYPT                    |164708|Manufacturer#3           |H1jn0h7u5BU83CBFXiEo AOJ43k9Ivi|14-541-103-5050|ly even accounts. carefully regular orbits nag furiously slyly ironic foxes. pending, regular foxes
7910.16|Supplier#000002102       |IRAQ                     |47093|Manufacturer#1           |1kuyUn5q6czLOGB60fAVgpv68M2suwchpmp2nK|21-367-198-9930| accounts after the blithely
7901.42|Supplier#000000478       |IRAQ                     |135451|Manufacturer#4           |4jV maCw9SEt8jyLUsjej60bmMhP6zBv ajTk|21-580-334-3987| regular asymptotes: fluffily unusual accounts integrate 
7874.25|Supplier#000000789       |JORDAN                   |28286|Manufacturer#2           |LF,j2pxKPgtbDGaj,l47vutF5Vz|23-428-566-8444|counts. blithely special accounts haggle furiously carefull
7829.61|Supplier#000008965       |IRAQ                     |113942|Manufacturer#5           |zNFbwL0YhoMGeIiXO5Gztn939Xf|21-653-619-1628|e furiously ironic dolphins. bold, even ideas according to the theodolites snooze c
7807.14|Supplier#000002566       |IRAN                     |115032|Manufacturer#1           |Tkmgiiw2n3 qEinrgYUxJ y5WFumVG5W9|20-612-454-8060|carefully regular dolphins was never. furiously silent asymptotes affix quickly furiously p
7789.12|Supplier#000006421       |EGYPT                    |136420|Manufacturer#3           |AwhpC5y15ua6plU8rtMwx|14-514-734-7640|ial dependencies; regular pinto beans use after the furiously bold somas. idly dogged packages ha
7773.77|Supplier#000004299       |IRAQ                     |131785|Manufacturer#3           |Zts8TmM,GMLCPSoGqKrG1D412tvBACj3bv38OafK|21-259-114-8940|. slyly even courts affix carefully quickly express reque
7767.63|Supplier#000004306       |IRAN                     |149277|Manufacturer#5           |SkZkJZflW5mDg9wL fJ|20-911-180-1895|uickly regular ideas. blithely express accounts along the carefully sile
7741.42|Supplier#000000899       |IRAQ                     |185862|Manufacturer#2           |oLlkiVghtro IwzcwFuzwMCG94rRpux|21-980-994-3905|equests wake quickly special, express accounts. courts promi
7738.90|Supplier#000001161       |SAUDI ARABIA             |198641|Manufacturer#2           |dO6wpXbKpZjRCRo|30-202-116-8696|s the packages nag furiously pending ideas. bravely even mu
7707.12|Supplier#000004205       |IRAQ                     |79190|Manufacturer#4           |S2OR,fUOmf3GSlKnW6|21-538-923-6240| ironic instructions sleep blithely around the reg
7659.41|Supplier#000003909       |IRAQ                     |101398|Manufacturer#2           |TjJ21ZlzfN|21-203-379-9975|final theodolites maintain alongside of the ironic, express requests. package
