90643|Customer#000090643|812513.7138|8865.95|INDIA                    |,ad78KOYjsrNrc,Pemlq7E81stzy4JBH9eFb|18-204-287-4176|the furiously express packages; bold foxes are quickly along the furiously final theodolites. f
18439|Customer#000018439|687892.5431|4227.50|EGYPT                    |eyPcP2K3TimmLs,,BUso|14-189-786-3932|gular pinto beans. slyly silent asymptotes wake among the blithely regular ideas. quickly even
16813|Customer#000016813|676931.5937|914.31|GERMANY                  |uJ2IReQTBJz8tmBJFJXikRg3adczY|17-300-263-7132| special accounts; unusual, even packages w
129214|Customer#000129214|653792.0301|3861.37|MOROCCO                  |m9,yMtfHPqqXce3aj9E6rM39v3BBY3Fyfy|25-684-802-7288|efully ironic accounts haggle blithely blithely regular pinto beans. pinto beans nag! special, enticing req
142969|Customer#000142969|639658.6749|672.79|INDIA                    |4jtMx8ZQ43UEbUHf|18-138-224-6879|e of the fluffily regular requests. ironic, bold requests haggle slyly alongside of the furious, even instru
121645|Customer#000121645|633108.1747|4511.71|CHINA                    |GHWUrS2dHaR8BluRnriU9oiimVd0oshM2|28-746-564-8146|old deposits. regular, ironic deposits sleep blithely ac
66019|Customer#000066019|630291.1578|1689.34|VIETNAM                  |2wHNQiof4kR4LyAl75,8XF5oI49cUgwlszqoReB|31-658-448-5395|uickly quickly ironic decoys: pinto beans grow slyly.
7849|Customer#000007849|620598.4290|6539.10|INDONESIA                |MhwIrrgoSa9NX2ln|19-700-739-5553|ccounts. pending ideas engage quickly furiously silent asy
117637|Customer#000117637|594985.4595|540.48|PERU                     |Bc2Ao,VQzARXhACPm0dKffBo0DEDxWd|27-616-236-3024|olphins wake slyly. packages m
108049|Customer#000108049|590067.2316|4321.84|GERMANY                  |8U2PqBnBzp,EVLjE4BWiyebbw|17-995-260-6938|lets. packages cajole furiously bold asymptotes. ironic, furious asymptotes run carefu
50506|Customer#000050506|587478.6588|6859.44|UNITED STATES            |DYKX5,osnkAGxwofISH5f34pa|34-506-830-6107|lets haggle furiously. bold, unusual asymptotes about the carefully regular deposits affix blithely about
108973|Customer#000108973|585748.8478|8883.83|JAPAN                    |j88v 9YUfF m XR4NuJr2JGlbTv1cG|22-520-736-9928|dolphins must have to nag special requests. slyly regular foxes are furiously across the blithely 
57295|Customer#000057295|583311.8439|7513.39|MOZAMBIQUE               |JXPuQaWNyNcwaGfbc9jgRVpijcvFk6Hew|26-397-487-8049|counts nag carefully after the carefully dogged acc
11182|Customer#000011182|580488.8675|8376.46|INDIA                    |loOPslCRwJWnhBQDMwslM 4zNh i6owqLQrl,YX|18-114-961-2821|he carefully silent dinos sleep fluffily according to the pending requests. quickly pending request
76717|Customer#000076717|578909.8480|-417.61|ETHIOPIA                 |SezVzVjiV uEBu6ifiSeS|15-228-689-5121|posits. special accounts after the even, pending excuses sleep carefully along the slyly express deposits. bl
130324|Customer#000130324|578548.8857|3109.57|MOZAMBIQUE               |wf4J2vrZrfY2wCWco|26-345-771-6353|s. unusual, pending pinto beans among the final 
121831|Customer#000121831|578418.4048|6520.95|UNITED STATES            |nX zgonzVJAXeti7W40W1xZchCIeQBQADF e|34-908-255-3677|slyly against the regular foxes. slyly pending foxes print blithely after
72778|Customer#000072778|574660.8502|6263.08|PERU                     |Xx Kq97by25bXjsQ40vTUFOc|27-994-361-4984|ges hinder. slyly pending foxes at the blithely regular pinto beans use bold, express pi
24176|Customer#000024176|572377.9652|-237.94|EGYPT                    |aJU5 Ra7U9VWJ9QOyO4fqnOWRYm5J|14-689-825-3831|unts among the blithely thin packages mold fluf
125612|Customer#000125612|572084.3758|3693.59|BRAZIL                   |J1AtXNfBBWa7T5|12-167-439-7017|ding, daring theodolites sleep among the slyly permanent accounts. furiously unusual accou
