ALGERIA                  |1998|29940741.4316
ALGERIA                  |1997|53827946.4543
ALGERIA                  |1996|53340432.9822
ALGERIA                  |1995|53899608.3146
ALGERIA                  |1994|49447774.5690
ALGERIA                  |1993|52198258.6016
ALGERIA                  |1992|53375435.0450
ARGENTINA                |1998|31918870.4943
ARGENTINA                |1997|55559339.7234
ARGENTINA                |1996|56959161.7392
ARGENTINA                |1995|54521188.2207
ARGENTINA                |1994|52787501.5309
ARGENTINA                |1993|55237024.8893
ARGENTINA                |1992|55509749.2924
BRAZIL                   |1998|29112672.3565
BRAZIL                   |1997|52875454.0816
BRAZIL                   |1996|52283786.2128
BRAZIL                   |1995|50528109.9532
BRAZIL                   |1994|48425636.8969
BRAZIL                   |1993|52213955.9290
BRAZIL                   |1992|50769310.8107
CANADA                   |1998|31186415.7794
CANADA                   |1997|54731226.2642
CANADA                   |1996|55080765.9143
CANADA                   |1995|56590368.0984
CANADA                   |1994|54468808.1711
CANADA                   |1993|52564936.8620
CANADA                   |1992|54894588.5219
CHINA                    |1998|29572415.8068
CHINA                    |1997|52608361.0405
CHINA                    |1996|54586271.3142
CHINA                    |1995|54422118.9651
CHINA                    |1994|53456454.0965
CHINA                    |1993|52775858.6252
CHINA                    |1992|55892285.8460
EGYPT                    |1998|32088680.6613
EGYPT                    |1997|55727176.6999
EGYPT                    |1996|56097360.0101
EGYPT                    |1995|54832970.8264
EGYPT                    |1994|57329044.1190
EGYPT                    |1993|57859376.0789
EGYPT                    |1992|55111464.3417
ETHIOPIA                 |1998|31432563.4013
ETHIOPIA                 |1997|50251427.9913
ETHIOPIA                 |1996|52265469.3348
ETHIOPIA                 |1995|50235995.4608
ETHIOPIA                 |1994|49743852.7449
ETHIOPIA                 |1993|47982669.3979
ETHIOPIA                 |1992|50925888.2220
FRANCE                   |1998|32543288.8647
FRANCE                   |1997|52247486.9302
FRANCE                   |1996|54169174.4141
FRANCE                   |1995|54966883.5303
FRANCE                   |1994|54139367.3542
FRANCE                   |1993|52006121.4976
FRANCE                   |1992|51901316.2363
GERMANY                  |1998|29905413.5803
GERMANY                  |1997|52851922.7932
GERMANY                  |1996|52760226.1162
GERMANY                  |1995|52111738.0908
GERMANY                  |1994|52518653.3574
GERMANY                  |1993|52358395.1008
GERMANY                  |1992|53316531.2197
INDIA                    |1998|31434043.7947
INDIA                    |1997|54491346.7922
INDIA                    |1996|52928582.0122
INDIA                    |1995|52961583.9546
INDIA                    |1994|51577163.6579
INDIA                    |1993|51705824.0398
INDIA                    |1992|53285913.4864
INDONESIA                |1998|30656222.0249
INDONESIA                |1997|53151141.5955
INDONESIA                |1996|53935125.9778
INDONESIA                |1995|54289446.6418
INDONESIA                |1994|54274121.6339
INDONESIA                |1993|53235981.4005
INDONESIA                |1992|52030853.1708
IRAN                     |1998|30652303.2414
IRAN                     |1997|48529226.0358
IRAN                     |1996|48427439.9052
IRAN                     |1995|51577810.1965
IRAN                     |1994|49532456.9167
IRAN                     |1993|50146733.8537
IRAN                     |1992|50850993.6167
IRAQ                     |1998|35461129.0650
IRAQ                     |1997|60307639.9601
IRAQ                     |1996|60497610.3117
IRAQ                     |1995|60502933.2712
IRAQ                     |1994|57728252.2397
IRAQ                     |1993|57583794.3132
IRAQ                     |1992|62006853.5895
JAPAN                    |1998|30671411.1515
JAPAN                    |1997|52128492.4527
JAPAN                    |1996|51057669.7038
JAPAN                    |1995|50318970.9285
JAPAN                    |1994|51349311.1939
JAPAN                    |1993|50442299.9267
JAPAN                    |1992|50812216.2263
JORDAN                   |1998|29529853.1711
JORDAN                   |1997|47461188.2935
JORDAN                   |1996|46879036.6897
JORDAN                   |1995|49744136.1580
JORDAN                   |1994|46464568.7642
JORDAN                   |1993|47451999.3499
JORDAN                   |1992|49250740.1676
KENYA                    |1998|28638268.1463
KENYA                    |1997|49486392.2040
KENYA                    |1996|50485056.0675
KENYA                    |1995|46951422.1005
KENYA                    |1994|51541956.6241
KENYA                    |1993|50999858.8150
KENYA                    |1992|50416536.4741
MOROCCO                  |1998|31181398.2835
MOROCCO                  |1997|48162139.2036
MOROCCO                  |1996|50174456.1624
MOROCCO                  |1995|50171170.4998
MOROCCO                  |1994|49392199.3831
MOROCCO                  |1993|52888138.6564
MOROCCO                  |1992|50456455.9354
MOZAMBIQUE               |1998|33985398.0862
MOZAMBIQUE               |1997|57009909.6778
MOZAMBIQUE               |1996|58266935.1744
MOZAMBIQUE               |1995|56286471.5702
MOZAMBIQUE               |1994|58023419.7904
MOZAMBIQUE               |1993|57199586.2684
MOZAMBIQUE               |1992|57411664.6168
PERU                     |1998|32900096.7602
PERU                     |1997|57748197.9901
PERU                     |1996|55237659.6348
PERU                     |1995|55990307.8740
PERU                     |1994|53464320.9981
PERU                     |1993|57586497.1587
PERU                     |1992|54708390.8715
ROMANIA                  |1998|29364030.3898
ROMANIA                  |1997|51210602.1640
ROMANIA                  |1996|49974812.5450
ROMANIA                  |1995|52606195.7772
ROMANIA                  |1994|52329883.1316
ROMANIA                  |1993|52279853.2361
ROMANIA                  |1992|49857391.4280
RUSSIA                   |1998|29220151.4418
RUSSIA                   |1997|53288984.7677
RUSSIA                   |1996|54421001.2490
RUSSIA                   |1995|58449462.4786
RUSSIA                   |1994|55437361.7976
RUSSIA                   |1993|54789923.9181
RUSSIA                   |1992|54454871.4445
SAUDI ARABIA             |1998|32232408.3856
SAUDI ARABIA             |1997|53817673.5673
SAUDI ARABIA             |1996|58465751.9250
SAUDI ARABIA             |1995|58308179.4436
SAUDI ARABIA             |1994|54656116.8085
SAUDI ARABIA             |1993|57007982.7395
SAUDI ARABIA             |1992|55641078.8582
UNITED KINGDOM           |1998|28953723.7964
UNITED KINGDOM           |1997|51987255.7093
UNITED KINGDOM           |1996|52072147.7469
UNITED KINGDOM           |1995|53051466.1523
UNITED KINGDOM           |1994|48435755.5502
UNITED KINGDOM           |1993|52239374.1976
UNITED KINGDOM           |1992|51297902.0352
UNITED STATES            |1998|32668873.7416
UNITED STATES            |1997|56086127.6018
UNITED STATES            |1996|56464373.1292
UNITED STATES            |1995|54598938.6325
UNITED STATES            |1994|52917802.3581
UNITED STATES            |1993|54588301.6809
UNITED STATES            |1992|53030065.5287
VIETNAM                  |1998|30190654.9679
VIETNAM                  |1997|54176162.1559
VIETNAM                  |1996|53862990.5209
VIETNAM                  |1995|52749348.2234
VIETNAM                  |1994|51668180.1186
VIETNAM                  |1993|52131299.7961
VIETNAM                  |1992|54439330.3861
