Supplier#000000074       |uM3yV5NOc6b5wNdpxF69CW 8QvDxqvKubRJtA
Supplier#000000114       |Uvz iykaBYOC
Supplier#000000144       |f8tddEKps816HHqNwsKdn3
Supplier#000000188       |boP,dP6PjNCADoMv3FaXKRREikgs4J7cYng
Supplier#000000262       | 3kCm2eN3Jra2UzvWWBm,P04b
Supplier#000000380       |LiXmikqsO6R40FKovSUZpl
Supplier#000000399       |UCzZPQfZXnRhGZcXfnnvkfnqLVEOc
Supplier#000000436       |MV8Xu3m,93IINpPlE
Supplier#000000486       |nCwPqLXZwjH20OVRy,fCQskTo3it2JHEGn7l
Supplier#000000500       |jLfNCVrj7X5h31yfSR02Z4x7K
Supplier#000000565       |,oYB9wlD3mtL lj3PJC67a RGXaqh69sHK5G4e
Supplier#000000578       |bn5J0A4426DpcW7m rQ9,qxqJ1KN
Supplier#000000602       |xEtByOs0Pydp9y75MSgoy6T R6PT8e
Supplier#000000610       |cRikc,rgxAM3yz0IR85OD
Supplier#000000633       |HhHzqIEl0jP8SQYZ7EybSWCtRFhmytByO7CPNZ
Supplier#000000648       |0RXVM8t80LLWl
Supplier#000000660       |AmvX 3nxd9r EOYZErE6PvBtFx 
Supplier#000000673       |GCmswucbTQe2Q3OHcnsNI
Supplier#000000687       |PN0ZGBcv2F7yzeOMZflOAoEnhAUMPocj6sc
Supplier#000000708       |qGdOm1xZczyifQ ,Ba2ptq2L7i2K9oWKXu dO9z
Supplier#000000709       |D8Mg5T7enR4HOYbpwPgkdDycdI5FpoTnXWUHB
Supplier#000000762       |GRVedLFC19uN9o8bNyNZWwzcbDUo2eT
Supplier#000000788       |jL QLbG475Uszs4 2RxBp4oR
Supplier#000000821       |O HVe5AKfowNLnep8qd2brd9fbZm WkJuc9Lli
Supplier#000000825       |,9nqq,JWR0ztG0qp4rlDHgtShbP7AViBj
Supplier#000000846       |C1Cs3zHlceRMxlaPIBprCC76x4LKVdH3QhZ
Supplier#000000920       |Ix0QnIqftxMwHW5KHeB,xB
Supplier#000001046       |4EmyZsmUCKuMN5mkCrobX5IWXZ5
Supplier#000001053       |F69fPuCNvPpsoA8gP3RgIMa  9D1a
Supplier#000001058       |fJ8egP,xkLygXGv8bmtc9T1FJ
Supplier#000001083       |8KwL2XsO h1JL3oGR2K
Supplier#000001274       |BhaVtechwkjnu2Bl9SOj
Supplier#000001336       |g8umUPg62XgXBVaRwm8ANdagPoIDF,E
Supplier#000001353       |5o3mbJp gcUks7jnAJv7O3h2t3WTdZT9ovM4L6
Supplier#000001390       |C12jsyvOT9qCpq Y
Supplier#000001393       |CnZ79ciDbd4
Supplier#000001435       |4dQ34bnQ8aVnkQlyBeU 
Supplier#000001456       |EZw3KWqv94b1lqocrz5F4XQpoVE
Supplier#000001511       |KCSUIx2zYSDn
Supplier#000001595       |Aiaxm9qhlurHBe bFojSTsFL3fS0s
Supplier#000001615       |8xlm4dZEH51da2i0ws5QC9n,D Mr
Supplier#000001665       |ZH9hZfa0baJVYmfXu3uoudL X
Supplier#000001789       |zzNyqcHhaB0bDGk9kv2dEruI8gSDiu
Supplier#000001896       |HtLWILD3PCEz1CnQdO99uALDH 1,J3jpMDCCqE3
Supplier#000001916       |juC,4ej1nuxX
Supplier#000001925       |Cu5Ub AAdXT
Supplier#000001944       |X MP6hjp7dZHg5hyIfAXqMW0pTiFg4hNZiO0M,AY
Supplier#000001951       |b2sJa7BV3EV5Gg3K5q fimm,xq
Supplier#000002039       |fsytgC5z,XCZlnkXmEcZTy61GN
Supplier#000002160       |eh 5WtEASNKzD
Supplier#000002256       |glIwS28AwJmxvQIRKFDVC,SMdsLtC AdoS
Supplier#000002312       |07FKNPQjr1kFmSFQZ0wJ
Supplier#000002323       |WnaL 4ffPzkBUcGyzWE8T0HmWjAn
Supplier#000002410       |G6aFGbpr3c9
Supplier#000002452       |aSYD1SvrdIGV8LxRL QDp5m9dV
Supplier#000002483       |G w,HeMY2qo25
Supplier#000002490       |uYTLvRbjZvdgawxn7  46K68ubbTwyVQV
Supplier#000002540       |fpd9A3WsslyUkKypgdpVs69
Supplier#000002615       |MiGmjZy93D
Supplier#000002684       |KPsOyszpmQeTDgdsX1vcoO SDbPJxqQC5dgg
Supplier#000002717       |Dv1LGyklog2b17
Supplier#000002796       |8KznWokHECGTp
Supplier#000002829       |MpOduzdNQVLn3l2K,fDBjoC0
Supplier#000002869       |JKSU80DiulM05
Supplier#000002891       |w9uvS3xgBETHlWYAuU,E7mafb1sNAVx,qwp9 s
Supplier#000002915       |Eqgaj0E2tFwfqwLrUpb
Supplier#000002917       |OLvrZSt7NBNyM6O1u XS686d3XyQ3 XY
Supplier#000002926       |f2WG37N3s3JcoAYNWMQym87cpNUu WpL
Supplier#000002949       |QIodj7qClw1wRvcFUdx04,r9j8
Supplier#000002993       |CDRN7azuEWTawl9G
Supplier#000003220       |w,xfoEnCCmNSIjYYAjO4JXhuYSewWqbZqd
Supplier#000003248       |MgrlLKjfFaVF3qqeoSUL ATYGRCf
Supplier#000003266       |fLRCV7DPrTLRgpiHpopD
Supplier#000003335       |oIh9tPJv9K8SYGBEuk2 DCUftNJh V
Supplier#000003374       |T8wXAoMSrOzT4js6Bs
Supplier#000003414       |loSCvoLk0uUDFaCvql3yt5tHp6P1a
Supplier#000003517       |t7bFb,xedL07Zyxeft BnM6VK
Supplier#000003519       |DmV0LiZ8s,x pTRq34
Supplier#000003521       |Jq04JXYA9uPeEhE5bLyo
Supplier#000003583       |4Bitvou6Z4ySgmgFszC6TzTdY8Zi09LNPQHELT
Supplier#000003618       |GyUWkSMZ3Zgrlr7pfznrNvrC5HbQAQ
Supplier#000003645       |b55jNjHerLlegKZVBwdGIu8JDn8PPFA ZA
Supplier#000003646       |M9Gjke9gEVzL eCx48n 7V
Supplier#000003675       |4PiatZZ iVMXhJ VKG
Supplier#000003777       |,6SE2f977,1Y7A npCbhZ6Om1h3E7aQRmIsBc
Supplier#000003806       |n ElQaZan8EZ42YVVtEHmFlLYwKw8xcY
Supplier#000003834       |cxGQnW3nShks59xA5bPoaC bIvcBWUt
Supplier#000003949       |vmuyF Svg3liRwxY
Supplier#000003992       |lTYs,HhjZf,j6TM8AC13vn21uT4ykyXd
Supplier#000004100       |Es kTX,qKxc 9rHSvWHd2V
Supplier#000004109       |C JLgSsemHV3VH0
Supplier#000004163       |2VnQypC7pJPJRu6HzYRg7nAvhzckcYAQFbI
Supplier#000004169       |,YM5rGvb5bEDDdY
Supplier#000004477       |UCPt,EDnBLp7M
Supplier#000004501       |qGIeaf7uYt0GV
Supplier#000004829       |1s8 b2vOzYe1qA5HbPjyViDH1yYV9KS5N
Supplier#000004840       |VF,9SdjsKxRXQLMIGXC
Supplier#000004888       |7gvcHmNXy35L49
Supplier#000005004       |qqvcCZJed1FncoUJ5mo0dIOgU7zzVHP
Supplier#000005178       |1mMfgEZaCtsV6PpK0r33jRpF
Supplier#000005194       |Lb2k94Vp9Hq4sNptU7Eck5,o3RaaumJl 0aZL,6r
Supplier#000005235       |nftsPk9H2tur0nI3YHMPw4hk
Supplier#000005244       |DN ECrPEXmfa4ai6bqahAPl
Supplier#000005304       |N r0cPrm95ETtyq9a4mh
Supplier#000005319       |6BU3YEG2abhHe6VgoaXUl5B9BulZKxWSPqY
Supplier#000005347       |R UJfAVRhAKjgH
Supplier#000005376       |TjFwL3P67hEvcexz5
Supplier#000005383       |CMDEPvxWiyYmldpBtYzXPr x7yY,B0oBOB1kAuT
Supplier#000005469       |JvZz sITLz9qzXVPzzROMjhPWiwtIrxc7v,4
Supplier#000005568       |xTH35cEG,eNEbuQAL669CgWoyJM3N,izOYNfM
Supplier#000005583       |kDAL,IrYELEzO3rdojo4C3S8a
Supplier#000005613       |kg4TuXHkAlfBxvXYA,KV7D5AhKz
Supplier#000005627       |2EYf,Hay4UjnyDlGCio8OnH1zmjqGh5ka8vkB
Supplier#000005643       |UQbMZV5OsBXdjIktGIh4Re
Supplier#000005649       |mUZyczj1OR
Supplier#000005662       |0qAYdmfdFCuDSVXZn C77Cg1D5JdMyNzX9FnK
Supplier#000005685       |3Jp7d9F7Oit18wJu,
Supplier#000005808       |s 4icF7UIthw8OZB
Supplier#000005842       |USS85,wP8t QZmSeKzfP7F2Nxim,nsA4MXvOeDVe
Supplier#000005848       |xxheHzTSroSqvL,Jt4bni7n1
Supplier#000005920       | hMa0,1UhcitRnJP
Supplier#000006027       |uyjhxXMYx7Jf3CDL5i5CQ9xhs
Supplier#000006128       |aa9kaYp8MKT0nmfkeAQTwnh2,efLuIz,G
Supplier#000006210       |cxe apAEwK7z
Supplier#000006241       |gpFQ9E9bgG80ew bU,X8u3WJa0e
Supplier#000006259       |cCDmxs1a3,8u,XlkIX,36 tve6ZKcDyAo9
Supplier#000006281       |MR ,g8qBCC QjngVrjqpcd4Bat
Supplier#000006326       |LHy0dm5io93xQP7BCS
Supplier#000006378       |lJ7TDntmPExlSQNPJLmvJmkniqH
Supplier#000006381       |3 ADNrPsw0Uo6L9sMLtRxs
Supplier#000006384       |1IwNn8fcFhwrkOupH0VRA69
Supplier#000006497       |KwLq9nzwUhse jlv3ae506lN8KTo1poG
Supplier#000006505       |UO8JYMQLbvfgP6aA h44B
Supplier#000006537       |NSZmLpbFozfkiHwCGXYd8Dua7ioULg
Supplier#000006561       |phvrwuWeMivBx7,6l19
Supplier#000006569       |sk5AhyyRnxAczOZ76XvjGU uDEnyHQSVIQ2
Supplier#000006598       |VRZvWPH2PbDw4Mfr5in
Supplier#000006611       |RvtPW2ijJd5 y9VLdJjvTMpdPXg
Supplier#000006617       |S9TqwK9 gNaRQ5s8Kt,1Gu0q1vF
Supplier#000006629       |lNsTxICxfK3T06mS5Yf5,QbPw
Supplier#000006667       |UO3LbziJTUvl64vlXNrIq5Zuu6FX1nkRew0DTkr
Supplier#000006682       |d0qmzarF6hAWYJH
Supplier#000006684       |0vCaC46Y6l9E,ll,ybX2QdcX96C,Gt
Supplier#000006693       |RcQEvgOXhyvJOQndULyO4DWl
Supplier#000006737       |7PLN81E2Ma6ltHkP1daCKbm
Supplier#000006756       |QQDPe79chxWaEbERpLDL6hg,uDS
Supplier#000006767       |Yje6EU5noxDU8o4LUg9vRDHQUiLpt4x9im5N
Supplier#000006795       |tsjzf,sh701ueTQS3Hv0XqAG1q,0LsyX9k
Supplier#000006800       |trVyLGUXtwe7a porF
Supplier#000006824       |aBVKYb4T4N98fvuKJxYsMLR 
Supplier#000006892       |9DEMqP3EF CkC4VC1lNhY9oKSfxtLV6s0
Supplier#000006909       |f9A W4Urm31d RTFKjt1,V3
Supplier#000006939       |C  hSTG9rCq
Supplier#000006967       |S4i1HfrSM4m3di3R9Cxxp59M1
Supplier#000007002       |x tsVJawp8Z3texmcVMq3pZDD
Supplier#000007021       |Zp,ttXxWQJoLc ke
Supplier#000007061       |lv7XVrUOi1PwFVNzpcNb
Supplier#000007131       |idB,ZCHCaKXfMZdEGcSu0onzMnavfZrqp0lYcB
Supplier#000007142       |bU733FVPdESXm3JpC50PDYF23kmrwNx20JxHBh
Supplier#000007228       |sb84OybO,0ucnpN5W8qy2uftZ4sn9MGX7Fi
Supplier#000007290       |afT1C khnuXPI5MGmB5k8saraF7sizHGtm,vJWc 
Supplier#000007296       |j7oSuCaztwM3PYKGk6Nh56
Supplier#000007381       |zHlai,Ux7pD,0p8jK2kx
Supplier#000007382       |p9BaidBFCsmn
Supplier#000007417       |85gxuUKJ5JHUvSy3mAqsQ ,49DEujZB03mIUk
Supplier#000007491       | rgpN2KQE6A0gul0q4ZVpD5S
Supplier#000007511       |W4OiKH,gzMTq24 xGsnwVy
Supplier#000007517       |A0jDz3SUnGe7 riLcwD4akLvDAqV8GtXm MM2r53
Supplier#000007532       |27CkgqXAFkXRoiY013ZCIQV9nD
Supplier#000007579       |BBT4MfzsHUeGDY6eME4 
Supplier#000007602       |JZXAzMCUL3,QQGuLGL8
Supplier#000007662       |VGk9AgllnOQ2,yPPk,pfHXJ4NgF2
Supplier#000007668       |3Ux8croaXj40iasWgdYf6gjBieSz98F7RD6CIgsg
Supplier#000007686       |kD0dozapw04G
Supplier#000007880       |sKOPFlOG,h7JL7Gs5sb3i,lXL5
Supplier#000007889       |Y5MRvWgfmCp3 21MlN98j4L22bnPswG5JVKe
Supplier#000007896       |s5au3AXlF uwmEGeUAlTPW
Supplier#000007950       |L78Xu87DT,m2AIKHV7pFvc4JGjSEfedQP
Supplier#000008094       |SNS6FCscBNZBFecA
Supplier#000008210       |R1fbPmLFnNt5YsAV8wImEy1j7F
Supplier#000008301       |8fT54G,7Oz3TuT6FBePq1g6C9J3kqVAps9kiB
Supplier#000008310       |zBVFtBCt3Mwd
Supplier#000008331       |uDK3OK3Hhsny79E
Supplier#000008333       |CzGWB3whG2JNN0N2JyqJ9GAj
Supplier#000008354       |Ck4DSBX,6WQh,2G17wStiefhq bJP cztbhh42
Supplier#000008376       |gH9mVai3bfWr
Supplier#000008394       |PEfV8nyE SKPYnULhxH4BqVm7FUp6i8zLWfhC
Supplier#000008396       |ofml8rQt3uP,RfwzKJO
Supplier#000008398       |EkXd4mwesEQ,cAOxqbTJ,HvYyQotg3o6vlnd
Supplier#000008492       |TzB 7njlatzQdw4h0ChDH
Supplier#000008551       |991B,Fp7RohkxhGRhg4645Xe
Supplier#000008669       |Hb7oSQVb6tpE2 3gD1OI7pJLNPu1CpDn,QmXP
Supplier#000008671       | VBlaRlruL4T4u6rHsi4FDhI
Supplier#000008695       |ayqRnrqXMiHbYKUH,5HwAWmqrvBRW
Supplier#000008702       |OCrMw12KclPXTi3RWAEl2b5E
Supplier#000008713       |WeDUkfczPEm6v5C05TEhDwA5c
Supplier#000008739       |vwv7Oaf9zPCO
Supplier#000008754       |BeUvgIWAICBPw4ROi
Supplier#000008811       |yJCcdwVFkIU,AhfuFEhlEkekeLMaYw P
Supplier#000008876       |vM,byK6roXWl3R
Supplier#000008900       |0Y1MRMPSS5
Supplier#000008913       |LLxdYf47tGHhBFE0cJEMhOew3gURe5cw
Supplier#000009053       |6h2P5,3j,zDoT
Supplier#000009137       |KVg2HpwID6gch6IGjAc9Ngfp723XR
Supplier#000009141       |SoThM1N5Kez,f
Supplier#000009179       |vQLUCaGF7NkKDnWHzwbX,KWiN
Supplier#000009190       |,PPriCG2e9pu8y62ZwvIgp1bKfmdrSgD7ea
Supplier#000009200       |9AN1R2aS9g4MEOduFhtStnA
Supplier#000009435       |qFOrLCJ2smwJsguigRCMb6Go
Supplier#000009436       |RQ20, N7F zgHzM
Supplier#000009543       |VYKinyOBNXRr Hdqn8kOxfTw
Supplier#000009564       |K ezA5Ud86lp6Tnc4ynd90RNu4
Supplier#000009630       |7274mfBUihldBjVPROmLBMZbR2
Supplier#000009643       |KcAkQKPNPKu1Re
Supplier#000009647       |b7w2eVKSZNma3ysmbeHMLt2,jYdhwfHFA9zlaF
Supplier#000009727       |jKjZMw6CMxw,qjGKZmlUZqP5oV
Supplier#000009787       |h8du7pPO9dWD17btMv,x
Supplier#000009804       |VjyFXxtpo6Bbi6MB9ygEdD2TPO
Supplier#000009850       |d4FjKHfQbjAcCb8KikyxR
Supplier#000009861       |eGGB4oHunaB lYreIWG846uc9I
Supplier#000009898       |H2TAKaf9w3,eEpJ,qrrgOP9ZiIw66
