Supplier#000008365       |21
Supplier#000008730       |21
Supplier#000004171       |18
Supplier#000005936       |18
Supplier#000001667       |17
Supplier#000003023       |17
Supplier#000003179       |17
Supplier#000006208       |17
Supplier#000007790       |17
Supplier#000008498       |17
Supplier#000000151       |16
Supplier#000000331       |16
Supplier#000001370       |16
Supplier#000002002       |16
Supplier#000002369       |16
Supplier#000003864       |16
Supplier#000004166       |16
Supplier#000004216       |16
Supplier#000005371       |16
Supplier#000006019       |16
Supplier#000006306       |16
Supplier#000007329       |16
Supplier#000007799       |16
Supplier#000002392       |15
Supplier#000003478       |15
Supplier#000004297       |15
Supplier#000004484       |15
Supplier#000005092       |15
Supplier#000005927       |15
Supplier#000007095       |15
Supplier#000007731       |15
Supplier#000008556       |15
Supplier#000008797       |15
Supplier#000009157       |15
Supplier#000000065       |14
Supplier#000000314       |14
Supplier#000000791       |14
Supplier#000000902       |14
Supplier#000001013       |14
Supplier#000002055       |14
Supplier#000002349       |14
Supplier#000003183       |14
Supplier#000004408       |14
Supplier#000004910       |14
Supplier#000005976       |14
Supplier#000006154       |14
Supplier#000006809       |14
Supplier#000006855       |14
Supplier#000007572       |14
Supplier#000008034       |14
Supplier#000008112       |14
Supplier#000008607       |14
Supplier#000008973       |14
Supplier#000009234       |14
Supplier#000009558       |14
Supplier#000000424       |13
Supplier#000001419       |13
Supplier#000001880       |13
Supplier#000002739       |13
Supplier#000003461       |13
Supplier#000003610       |13
Supplier#000003898       |13
Supplier#000003914       |13
Supplier#000003922       |13
Supplier#000004492       |13
Supplier#000005406       |13
Supplier#000005409       |13
Supplier#000005859       |13
Supplier#000005864       |13
Supplier#000006183       |13
Supplier#000006536       |13
Supplier#000007110       |13
Supplier#000007115       |13
Supplier#000007203       |13
Supplier#000007591       |13
Supplier#000007807       |13
Supplier#000008070       |13
Supplier#000008454       |13
Supplier#000009310       |13
Supplier#000009789       |13
Supplier#000000174       |12
Supplier#000000311       |12
Supplier#000000367       |12
Supplier#000000746       |12
Supplier#000000952       |12
Supplier#000001148       |12
Supplier#000001526       |12
Supplier#000002468       |12
Supplier#000002555       |12
Supplier#000003450       |12
Supplier#000003488       |12
Supplier#000003543       |12
Supplier#000003754       |12
Supplier#000004619       |12
Supplier#000004716       |12
Supplier#000005346       |12
Supplier#000005374       |12
Supplier#000006513       |12
Supplier#000006908       |12
Supplier#000007163       |12
